Flow report for wolfenstein3D
Sat May 10 13:32:01 2025
Quartus Prime Version 23.1std.1 Build 993 05/14/2024 SC Lite Edition


---------------------
; Table of Contents ;
---------------------
  1. Legal Notice
  2. Flow Summary
  3. Flow Settings
  4. Flow Non-Default Global Settings
  5. Flow Elapsed Time
  6. Flow OS Summary
  7. Flow Log
  8. Flow Messages
  9. Flow Suppressed Messages



----------------
; Legal Notice ;
----------------
Copyright (C) 2024  Intel Corporation. All rights reserved.
Your use of Intel Corporation's design tools, logic functions 
and other software and tools, and any partner logic 
functions, and any output files from any of the foregoing 
(including device programming or simulation files), and any 
associated documentation or information are expressly subject 
to the terms and conditions of the Intel Program License 
Subscription Agreement, the Intel Quartus Prime License Agreement,
the Intel FPGA IP License Agreement, or other applicable license
agreement, including, without limitation, that your use is for
the sole purpose of programming logic devices manufactured by
Intel and sold by Intel or its authorized distributors.  Please
refer to the applicable agreement for further details, at
https://fpgasoftware.intel.com/eula.



+-------------------------------------------------------------------------------------+
; Flow Summary                                                                        ;
+------------------------------------+------------------------------------------------+
; Flow Status                        ; Successful - Sat May 10 13:32:01 2025          ;
; Quartus Prime Version              ; 23.1std.1 Build 993 05/14/2024 SC Lite Edition ;
; Revision Name                      ; wolfenstein3D                                  ;
; Top-level Entity Name              ; wolfenstein3D                                  ;
; Family                             ; Cyclone IV E                                   ;
; Device                             ; EP4CE22F17C6                                   ;
; Timing Models                      ; Final                                          ;
; Total logic elements               ; 16,734 / 22,320 ( 75 % )                       ;
;     Total combinational functions  ; 14,014 / 22,320 ( 63 % )                       ;
;     Dedicated logic registers      ; 7,823 / 22,320 ( 35 % )                        ;
; Total registers                    ; 7823                                           ;
; Total pins                         ; 19 / 154 ( 12 % )                              ;
; Total virtual pins                 ; 0                                              ;
; Total memory bits                  ; 158,369 / 608,256 ( 26 % )                     ;
; Embedded Multiplier 9-bit elements ; 120 / 132 ( 91 % )                             ;
; Total PLLs                         ; 0 / 4 ( 0 % )                                  ;
+------------------------------------+------------------------------------------------+


+-----------------------------------------+
; Flow Settings                           ;
+-------------------+---------------------+
; Option            ; Setting             ;
+-------------------+---------------------+
; Start date & time ; 05/10/2025 13:29:03 ;
; Main task         ; Compilation         ;
; Revision Name     ; wolfenstein3D       ;
+-------------------+---------------------+


+------------------------------------------------------------------------------------------------------------------------------------------------+
; Flow Non-Default Global Settings                                                                                                               ;
+-------------------------------------+----------------------------------------+---------------+-------------+-----------------------------------+
; Assignment Name                     ; Value                                  ; Default Value ; Entity Name ; Section Id                        ;
+-------------------------------------+----------------------------------------+---------------+-------------+-----------------------------------+
; COMPILER_SIGNATURE_ID               ; 255656417176090.174687654303412        ; --            ; --          ; --                                ;
; EDA_GENERATE_FUNCTIONAL_NETLIST     ; Off                                    ; --            ; --          ; eda_board_design_timing           ;
; EDA_GENERATE_FUNCTIONAL_NETLIST     ; Off                                    ; --            ; --          ; eda_board_design_boundary_scan    ;
; EDA_GENERATE_FUNCTIONAL_NETLIST     ; Off                                    ; --            ; --          ; eda_board_design_signal_integrity ;
; EDA_GENERATE_FUNCTIONAL_NETLIST     ; Off                                    ; --            ; --          ; eda_board_design_symbol           ;
; EDA_OUTPUT_DATA_FORMAT              ; Vhdl                                   ; --            ; --          ; eda_simulation                    ;
; EDA_SIMULATION_TOOL                 ; Questa Intel FPGA (VHDL)               ; <None>        ; --          ; --                                ;
; EDA_TIME_SCALE                      ; 1 ps                                   ; --            ; --          ; eda_simulation                    ;
; MAX_CORE_JUNCTION_TEMP              ; 85                                     ; --            ; --          ; --                                ;
; MIN_CORE_JUNCTION_TEMP              ; 0                                      ; --            ; --          ; --                                ;
; MISC_FILE                           ; Division.cmp                           ; --            ; --          ; --                                ;
; MISC_FILE                           ; ROM/ROMP_COMP_NB0.bsf                  ; --            ; --          ; --                                ;
; MISC_FILE                           ; ROM/ROMP_COMP_NB0.cmp                  ; --            ; --          ; --                                ;
; MISC_FILE                           ; ROM/ROMP_COMP_NB1.bsf                  ; --            ; --          ; --                                ;
; MISC_FILE                           ; ROM/ROMP_COMP_NB1.cmp                  ; --            ; --          ; --                                ;
; MISC_FILE                           ; ROM/ROMP_COMP_NB2.bsf                  ; --            ; --          ; --                                ;
; MISC_FILE                           ; ROM/ROMP_COMP_NB2.cmp                  ; --            ; --          ; --                                ;
; MISC_FILE                           ; ROM/ROMP_COMP_NB3.bsf                  ; --            ; --          ; --                                ;
; MISC_FILE                           ; ROM/ROMP_COMP_NB3.cmp                  ; --            ; --          ; --                                ;
; MISC_FILE                           ; ROM/ROMP_COMP_NB4.bsf                  ; --            ; --          ; --                                ;
; MISC_FILE                           ; ROM/ROMP_COMP_NB4.cmp                  ; --            ; --          ; --                                ;
; MISC_FILE                           ; ROM/ROMP_COMP_NB5.bsf                  ; --            ; --          ; --                                ;
; MISC_FILE                           ; ROM/ROMP_COMP_NB5.cmp                  ; --            ; --          ; --                                ;
; MISC_FILE                           ; ROM/ROMP_COMP_NB6.bsf                  ; --            ; --          ; --                                ;
; MISC_FILE                           ; ROM/ROMP_COMP_NB6.cmp                  ; --            ; --          ; --                                ;
; MISC_FILE                           ; ROM/ROMP_COMP_NB7.bsf                  ; --            ; --          ; --                                ;
; MISC_FILE                           ; ROM/ROMP_COMP_NB7.cmp                  ; --            ; --          ; --                                ;
; MISC_FILE                           ; ROM/ROMP_COMP_NB8.bsf                  ; --            ; --          ; --                                ;
; MISC_FILE                           ; ROM/ROMP_COMP_NB8.cmp                  ; --            ; --          ; --                                ;
; MISC_FILE                           ; ROM/ROMP_COMP_NB9.bsf                  ; --            ; --          ; --                                ;
; MISC_FILE                           ; ROM/ROMP_COMP_NB9.cmp                  ; --            ; --          ; --                                ;
; MISC_FILE                           ; ROM/ROMP_COMP_HEART.bsf                ; --            ; --          ; --                                ;
; MISC_FILE                           ; ROM/ROMP_COMP_HEART.cmp                ; --            ; --          ; --                                ;
; MISC_FILE                           ; ROM/ROMP_COMP_FRAME_1.bsf              ; --            ; --          ; --                                ;
; MISC_FILE                           ; ROM/ROMP_COMP_FRAME_1.cmp              ; --            ; --          ; --                                ;
; MISC_FILE                           ; ROM/ROMP_COMP_FRAME_2.bsf              ; --            ; --          ; --                                ;
; MISC_FILE                           ; ROM/ROMP_COMP_FRAME_2.cmp              ; --            ; --          ; --                                ;
; NOMINAL_CORE_SUPPLY_VOLTAGE         ; 1.2V                                   ; --            ; --          ; --                                ;
; PARTITION_COLOR                     ; -- (Not supported for targeted family) ; --            ; --          ; Top                               ;
; PARTITION_FITTER_PRESERVATION_LEVEL ; -- (Not supported for targeted family) ; --            ; --          ; Top                               ;
; PARTITION_NETLIST_TYPE              ; -- (Not supported for targeted family) ; --            ; --          ; Top                               ;
; PROJECT_OUTPUT_DIRECTORY            ; output_files                           ; --            ; --          ; --                                ;
+-------------------------------------+----------------------------------------+---------------+-------------+-----------------------------------+


+--------------------------------------------------------------------------------------------------------------------------+
; Flow Elapsed Time                                                                                                        ;
+----------------------+--------------+-------------------------+---------------------+------------------------------------+
; Module Name          ; Elapsed Time ; Average Processors Used ; Peak Virtual Memory ; Total CPU Time (on all processors) ;
+----------------------+--------------+-------------------------+---------------------+------------------------------------+
; Analysis & Synthesis ; 00:00:57     ; 1.0                     ; 5084 MB             ; 00:00:48                           ;
; Fitter               ; 00:01:44     ; 1.1                     ; 5740 MB             ; 00:01:15                           ;
; Assembler            ; 00:00:01     ; 1.0                     ; 4773 MB             ; 00:00:01                           ;
; Timing Analyzer      ; 00:00:05     ; 1.7                     ; 5008 MB             ; 00:00:05                           ;
; EDA Netlist Writer   ; 00:00:03     ; 1.0                     ; 4740 MB             ; 00:00:02                           ;
; Total                ; 00:02:50     ; --                      ; --                  ; 00:02:11                           ;
+----------------------+--------------+-------------------------+---------------------+------------------------------------+


+------------------------------------------------------------------------------------+
; Flow OS Summary                                                                    ;
+----------------------+------------------+------------+------------+----------------+
; Module Name          ; Machine Hostname ; OS Name    ; OS Version ; Processor type ;
+----------------------+------------------+------------+------------+----------------+
; Analysis & Synthesis ; LAPTOP-NHA0BRSQ  ; Windows 10 ; 10.0       ; x86_64         ;
; Fitter               ; LAPTOP-NHA0BRSQ  ; Windows 10 ; 10.0       ; x86_64         ;
; Assembler            ; LAPTOP-NHA0BRSQ  ; Windows 10 ; 10.0       ; x86_64         ;
; Timing Analyzer      ; LAPTOP-NHA0BRSQ  ; Windows 10 ; 10.0       ; x86_64         ;
; EDA Netlist Writer   ; LAPTOP-NHA0BRSQ  ; Windows 10 ; 10.0       ; x86_64         ;
+----------------------+------------------+------------+------------+----------------+


------------
; Flow Log ;
------------
quartus_map --read_settings_files=on --write_settings_files=off wolfenstein3D -c wolfenstein3D
quartus_fit --read_settings_files=off --write_settings_files=off wolfenstein3D -c wolfenstein3D
quartus_asm --read_settings_files=off --write_settings_files=off wolfenstein3D -c wolfenstein3D
quartus_sta wolfenstein3D -c wolfenstein3D
quartus_eda --read_settings_files=off --write_settings_files=off wolfenstein3D -c wolfenstein3D



